#
# A fatal error has been detected by the Java Runtime Environment:
#
#  EXCEPTION_ACCESS_VIOLATION (0xc0000005) at pc=0x00007ff80151ded7, pid=15676, tid=10468
#
# JRE version: OpenJDK Runtime Environment Temurin-17.0.5+8 (17.0.5+8) (build 17.0.5+8)
# Java VM: OpenJDK 64-Bit Server VM Temurin-17.0.5+8 (17.0.5+8, mixed mode, emulated-client, tiered, compressed oops, compressed class ptrs, g1 gc, windows-amd64)
# Problematic frame:
# V  [jvm.dll+0x62ded7]
#
# No core dump will be written. Minidumps are not enabled by default on client versions of Windows
#
# If you would like to submit a bug report, please visit:
#   https://github.com/adoptium/adoptium-support/issues
#

---------------  S U M M A R Y ------------

Command Line: -Dsts.lsp.client=vscode -Dsts.log.file=/dev/null -XX:TieredStopAtLevel=1 -Xlog:jni+resolve=off -Dspring.config.location=file:c:\Users\ander\.vscode\extensions\pivotal.vscode-spring-boot-1.43.0\language-server\BOOT-INF\classes\application.properties org.springframework.ide.vscode.boot.app.BootLanguageServerBootApp

Host: AMD FX(tm)-8350 Eight-Core Processor           , 8 cores, 7G,  Windows 10 , 64 bit Build 19041 (10.0.19041.2364)
Time: Thu Jan 12 10:49:16 2023 Hora oficial do Brasil elapsed time: 197.409812 seconds (0d 0h 3m 17s)

---------------  T H R E A D  ---------------

Current thread (0x000002da215e49f0):  GCTaskThread "GC Thread#4" [stack: 0x000000fc44100000,0x000000fc44200000] [id=10468]

Stack: [0x000000fc44100000,0x000000fc44200000],  sp=0x000000fc441ffcb0,  free space=1023k
Native frames: (J=compiled Java code, j=interpreted, Vv=VM code, C=native code)
V  [jvm.dll+0x62ded7]
V  [jvm.dll+0x36ba38]
V  [jvm.dll+0x681752]
V  [jvm.dll+0x306bb2]
V  [jvm.dll+0x85e31b]
V  [jvm.dll+0x85e366]
V  [jvm.dll+0x7e17ea]
V  [jvm.dll+0x6759e5]
C  [ucrtbase.dll+0x21bb2]
C  [KERNEL32.DLL+0x17614]
C  [ntdll.dll+0x526a1]


siginfo: EXCEPTION_ACCESS_VIOLATION (0xc0000005), reading address 0xffffffffffffffff


Register to memory mapping:

RIP=0x00007ff80151ded7 jvm.dll
RAX=0x0000000000000050 is an unknown value
RBX=0x000002da213d5d60 points into unknown readable memory: 0x0000000000000000 | 00 00 00 00 00 00 00 00
RCX=0x4244000042940000 is an unknown value
RDX=0x0 is NULL
RSP=0x000000fc441ffcb0 points into unknown readable memory: 0x000000fc42ffe720 | 20 e7 ff 42 fc 00 00 00
RBP=0x000000010009f0e0 is a pointer to class: 
org.xml.sax.SAXException {0x000000010009f0e8}
 - instance size:     5
 - klass size:        76
 - access:            public synchronized 
 - state:             loaded
 - name:              'org/xml/sax/SAXException'
 - super:             'java/lang/Exception'
 - sub:               'org/xml/sax/SAXNotSupportedException'   'org/xml/sax/SAXNotRecognizedException'   'org/xml/sax/SAXParseException'   
 - arrays:            NULL
 - methods:           Array<T>(0x000002da204ecb70)
 - method ordering:   Array<T>(0x000002da20000018)
 - default_methods:   Array<T>(0x0000000000000000)
 - local interfaces:  Array<T>(0x000002da20000058)
 - trans. interfaces: Array<T>(0x000002da20025d00)
 - constants:         constant pool [129]/operands[5] {0x000002da204ec680} for 'org/xml/sax/SAXException'
 - class loader data:  loader data: 0x000002da106fa8b0 of 'bootstrap'
 - class annotations:       Array<T>(0x0000000000000000)
 - class type annotations:  Array<T>(0x0000000000000000)
 - field annotations:       Array<T>(0x0000000000000000)
 - field type annotations:  Array<T>(0x0000000000000000)
 - inner classes:     Array<T>(0x000002da204ed348)
 - nest members:     Array<T>(0x000002da20000028)
 - permitted subclasses:     Array<T>(0x000002da20000028)
 - java mirror:       a 'java/lang/Class'{0x0000000080b2dad8} = 'org/xml/sax/SAXException'
 - vtable length      16  (start addr: 0x000000010009f2a8)
 - itable length      2 (start addr: 0x000000010009f328)
 - ---- static fields (2 words):
 - private static final 'serialPersistentFields' '[Ljava/io/ObjectStreamField;' @112 
 - static final 'serialVersionUID' 'J' @120 
 - ---- non-static fields (6 words):
 - private transient 'depth' 'I' @12 
 - private transient 'backtrace' 'Ljava/lang/Object;' @16 
 - private 'detailMessage' 'Ljava/lang/String;' @20 
 - private 'cause' 'Ljava/lang/Throwable;' @24 
 - private 'stackTrace' '[Ljava/lang/StackTraceElement;' @28 
 - private 'suppressedExceptions' 'Ljava/util/List;' @32 
 - non-static oop maps: 16-32 
RSI=0x4244000042940000 is an unknown value
RDI=0x0 is NULL
R8 =0x0000000000000002 is an unknown value
R9 =0x00000000000007ff is an unknown value
R10=0x000002da1659c686 is at entry_point+-26 in (nmethod*)0x000002da1659c510
R11=0x000000fc441ffd70 points into unknown readable memory: 0x0000000000000000 | 00 00 00 00 00 00 00 00
R12=0x0 is NULL
R13=0x0 is NULL
R14=0x0 is NULL
R15=0x00000000000003d8 is an unknown value


Registers:
RAX=0x0000000000000050, RBX=0x000002da213d5d60, RCX=0x4244000042940000, RDX=0x0000000000000000
RSP=0x000000fc441ffcb0, RBP=0x000000010009f0e0, RSI=0x4244000042940000, RDI=0x0000000000000000
R8 =0x0000000000000002, R9 =0x00000000000007ff, R10=0x000002da1659c686, R11=0x000000fc441ffd70
R12=0x0000000000000000, R13=0x0000000000000000, R14=0x0000000000000000, R15=0x00000000000003d8
RIP=0x00007ff80151ded7, EFLAGS=0x0000000000010202

Top of Stack: (sp=0x000000fc441ffcb0)
0x000000fc441ffcb0:   000000fc42ffe720 00000000000003d8
0x000000fc441ffcc0:   000002da20853dd0 000002da106f0110
0x000000fc441ffcd0:   00007ff80188a958 00007ff8010e3cf3
0x000000fc441ffce0:   00000000000003d8 0000000000000000
0x000000fc441ffcf0:   0000000000000000 0000000000000000
0x000000fc441ffd00:   0000000000000000 00007ff80125ba38
0x000000fc441ffd10:   00000000000003d8 4244000042940000
0x000000fc441ffd20:   000000010009f0e0 000002da20853dc0
0x000000fc441ffd30:   000002da208541a8 000002da215aca00
0x000000fc441ffd40:   000002da20853dc0 000002da20853dd0
0x000000fc441ffd50:   000000fc42ffe758 00007ff801571752
0x000000fc441ffd60:   0000143ce8743d42 0000000000000001
0x000000fc441ffd70:   0000000000000000 000002da215e49f0
0x000000fc441ffd80:   0000000000000000 000002da215e49f0
0x000000fc441ffd90:   0000000000000002 00007ff8011f6bb2
0x000000fc441ffda0:   000000fc42ffe700 0000000000000000 

Instructions: (pc=0x00007ff80151ded7)
0x00007ff80151ddd7:   8b cb e8 32 1d 00 00 48 8b cb 48 3b d8 73 1a 48
0x00007ff80151dde7:   f7 df 0f 1f 80 00 00 00 00 48 8b 11 48 89 14 f9
0x00007ff80151ddf7:   48 83 c1 08 48 3b c8 72 f0 0f b6 03 3c 01 76 32
0x00007ff80151de07:   3c 0d 75 07 b8 10 00 00 00 eb 2c 4c 8d 0d 7f c7
0x00007ff80151de17:   36 00 89 44 24 20 41 b8 64 05 00 00 48 8d 15 86
0x00007ff80151de27:   c7 36 00 b9 00 00 00 e0 e8 3c 6b c1 ff e8 77 88
0x00007ff80151de37:   04 00 b8 08 00 00 00 48 03 d8 48 3b dd 0f 82 86
0x00007ff80151de47:   fe ff ff eb 2d 85 f6 74 29 4c 8d 04 fd 00 00 00
0x00007ff80151de57:   00 48 8b cb 49 2b c8 49 c1 e8 03 48 3b cb 4d 0f
0x00007ff80151de67:   47 c7 4d 85 c0 74 0b 49 c1 e0 03 33 d2 e8 19 f7
0x00007ff80151de77:   25 00 48 8b 7c 24 68 4c 8b 64 24 70 48 83 c4 30
0x00007ff80151de87:   41 5f 41 5e 5e 5d 5b c3 cc 48 89 5c 24 10 48 89
0x00007ff80151de97:   6c 24 18 48 89 74 24 20 57 41 54 41 55 41 56 41
0x00007ff80151dea7:   57 48 83 ec 30 65 48 8b 04 25 58 00 00 00 44 0f
0x00007ff80151deb7:   b6 f2 44 8b 05 b8 85 57 00 48 8b f1 4a 8b 1c c0
0x00007ff80151dec7:   b8 50 00 00 00 80 3c 18 00 75 05 e8 e9 e4 25 00
0x00007ff80151ded7:   83 be 00 01 00 00 00 b8 20 00 00 00 48 8b 04 18
0x00007ff80151dee7:   48 8b a8 30 02 00 00 48 8b 7d 28 4c 8b 7d 10 4c
0x00007ff80151def7:   8b 65 18 4c 8b 6d 20 48 89 7c 24 60 7e 65 48 8d
0x00007ff80151df07:   8e 08 01 00 00 e8 ff 0b 00 00 48 8b f8 48 85 c0
0x00007ff80151df17:   74 4c 0f 1f 80 00 00 00 00 48 8b 07 41 0f b6 d6
0x00007ff80151df27:   48 8b cf ff 90 80 00 00 00 8b 5f 08 48 8b cf 48
0x00007ff80151df37:   8b 07 2b de ff 10 8d 48 e0 8d 0c cb 3b 8e 00 01
0x00007ff80151df47:   00 00 7d 1a 48 63 c1 48 8d 8e 08 01 00 00 48 03
0x00007ff80151df57:   c8 e8 b3 0b 00 00 48 8b f8 48 85 c0 75 bb 48 8b
0x00007ff80151df67:   7c 24 60 48 63 86 04 01 00 00 83 f8 fe 74 35 48
0x00007ff80151df77:   8d 8e 08 01 00 00 48 03 c8 e8 8b 0b 00 00 48 8b
0x00007ff80151df87:   c8 48 8b d8 48 8b 10 ff 52 68 33 c9 84 c0 48 0f
0x00007ff80151df97:   45 cb 48 85 c9 74 0d 48 8b 01 41 0f b6 d6 ff 90
0x00007ff80151dfa7:   80 00 00 00 48 8d 05 a6 c9 36 00 44 88 74 24 28
0x00007ff80151dfb7:   48 8d 54 24 20 48 89 44 24 20 48 8b ce e8 b7 fc
0x00007ff80151dfc7:   ff ff 49 83 3f 00 74 13 48 8b d7 48 8b cd e8 66 


Stack slot to memory mapping:
stack at sp + 0 slots: 0x000000fc42ffe720 points into unknown readable memory: 0x00007ff801825b28 | 28 5b 82 01 f8 7f 00 00
stack at sp + 1 slots: 0x00000000000003d8 is an unknown value
stack at sp + 2 slots: 0x000002da20853dd0 points into unknown readable memory: 0x2e726f7463616572 | 72 65 61 63 74 6f 72 2e
stack at sp + 3 slots: 0x000002da106f0110 points into unknown readable memory: 0x0000000300000001 | 01 00 00 00 03 00 00 00
stack at sp + 4 slots: 0x00007ff80188a958 jvm.dll
stack at sp + 5 slots: 0x00007ff8010e3cf3 jvm.dll
stack at sp + 6 slots: 0x00000000000003d8 is an unknown value
stack at sp + 7 slots: 0x0 is NULL


---------------  P R O C E S S  ---------------

Threads class SMR info:
_java_thread_list=0x000002da24e53ce0, length=30, elements={
0x000002da1fded3a0, 0x000002da1fdede60, 0x000002da1fe09b90, 0x000002da1fe0a450,
0x000002da1fe0ae00, 0x000002da1fe0b7b0, 0x000002da1fe0e9d0, 0x000002da20815620,
0x000002da20870470, 0x000002da20870d80, 0x000002da21c5bfb0, 0x000002da21396e50,
0x000002da21ae7ca0, 0x000002da12a15990, 0x000002da21ae8700, 0x000002da21749f20,
0x000002da21e40c80, 0x000002da21e41150, 0x000002da21f31210, 0x000002da22146420,
0x000002da22142590, 0x000002da2213f570, 0x000002da22141720, 0x000002da221438d0,
0x000002da221420c0, 0x000002da22144c10, 0x000002da221450e0, 0x000002da221455b0,
0x000002da21f30870, 0x000002da21f31bb0
}

Java Threads: ( => current thread )
  0x000002da1fded3a0 JavaThread "Reference Handler" daemon [_thread_blocked, id=16184, stack(0x000000fc43000000,0x000000fc43100000)]
  0x000002da1fdede60 JavaThread "Finalizer" daemon [_thread_blocked, id=7036, stack(0x000000fc43100000,0x000000fc43200000)]
  0x000002da1fe09b90 JavaThread "Signal Dispatcher" daemon [_thread_blocked, id=14588, stack(0x000000fc43200000,0x000000fc43300000)]
  0x000002da1fe0a450 JavaThread "Attach Listener" daemon [_thread_blocked, id=13200, stack(0x000000fc43300000,0x000000fc43400000)]
  0x000002da1fe0ae00 JavaThread "Service Thread" daemon [_thread_blocked, id=2908, stack(0x000000fc43400000,0x000000fc43500000)]
  0x000002da1fe0b7b0 JavaThread "Monitor Deflation Thread" daemon [_thread_blocked, id=13592, stack(0x000000fc43500000,0x000000fc43600000)]
  0x000002da1fe0e9d0 JavaThread "C1 CompilerThread0" daemon [_thread_blocked, id=6316, stack(0x000000fc43600000,0x000000fc43700000)]
  0x000002da20815620 JavaThread "Sweeper thread" daemon [_thread_blocked, id=14572, stack(0x000000fc43700000,0x000000fc43800000)]
  0x000002da20870470 JavaThread "Notification Thread" daemon [_thread_blocked, id=11640, stack(0x000000fc43900000,0x000000fc43a00000)]
  0x000002da20870d80 JavaThread "Common-Cleaner" daemon [_thread_blocked, id=15152, stack(0x000000fc43b00000,0x000000fc43c00000)]
  0x000002da21c5bfb0 JavaThread "boundedElastic-evictor-1" daemon [_thread_blocked, id=7768, stack(0x000000fc44500000,0x000000fc44600000)]
  0x000002da21396e50 JavaThread "pool-11-thread-1" [_thread_blocked, id=18080, stack(0x000000fc43c00000,0x000000fc43d00000)]
  0x000002da21ae7ca0 JavaThread "LanguageServerApp-lifecycle" [_thread_blocked, id=18060, stack(0x000000fc43d00000,0x000000fc43e00000)]
  0x000002da12a15990 JavaThread "DestroyJavaVM" [_thread_blocked, id=15988, stack(0x000000fc42900000,0x000000fc42a00000)]
  0x000002da21ae8700 JavaThread "pool-12-thread-1" [_thread_in_native, id=18088, stack(0x000000fc44700000,0x000000fc44800000)]
  0x000002da21749f20 JavaThread "Simple-Language-Server main thread" daemon [_thread_blocked, id=19064, stack(0x000000fc44800000,0x000000fc44900000)]
  0x000002da21e40c80 JavaThread "pool-8-thread-1" [_thread_blocked, id=2976, stack(0x000000fc44900000,0x000000fc44a00000)]
  0x000002da21e41150 JavaThread "parallel-1" daemon [_thread_blocked, id=17684, stack(0x000000fc44a00000,0x000000fc44b00000)]
  0x000002da21f31210 JavaThread "Reconciler-1" daemon [_thread_blocked, id=19404, stack(0x000000fc44d00000,0x000000fc44e00000)]
  0x000002da22146420 JavaThread "parallel-2" daemon [_thread_blocked, id=10684, stack(0x000000fc45c00000,0x000000fc45d00000)]
  0x000002da22142590 JavaThread "pool-6-thread-1" [_thread_blocked, id=19240, stack(0x000000fc45f00000,0x000000fc46000000)]
  0x000002da2213f570 JavaThread "pool-10-thread-1" [_thread_blocked, id=11048, stack(0x000000fc46000000,0x000000fc46100000)]
  0x000002da22141720 JavaThread "ForkJoinPool.commonPool-worker-2" daemon [_thread_blocked, id=6572, stack(0x000000fc46100000,0x000000fc46200000)]
  0x000002da221438d0 JavaThread "parallel-3" daemon [_thread_blocked, id=15448, stack(0x000000fc46200000,0x000000fc46300000)]
  0x000002da221420c0 JavaThread "pool-10-thread-2" [_thread_blocked, id=18628, stack(0x000000fc46700000,0x000000fc46800000)]
  0x000002da22144c10 JavaThread "pool-10-thread-3" [_thread_blocked, id=424, stack(0x000000fc46500000,0x000000fc46600000)]
  0x000002da221450e0 JavaThread "parallel-4" daemon [_thread_blocked, id=16916, stack(0x000000fc46900000,0x000000fc46a00000)]
  0x000002da221455b0 JavaThread "parallel-5" daemon [_thread_blocked, id=16936, stack(0x000000fc46a00000,0x000000fc46b00000)]
  0x000002da21f30870 JavaThread "parallel-6" daemon [_thread_blocked, id=17060, stack(0x000000fc44f00000,0x000000fc45000000)]
  0x000002da21f31bb0 JavaThread "parallel-7" daemon [_thread_blocked, id=13380, stack(0x000000fc45000000,0x000000fc45100000)]

Other Threads:
  0x000002da1fd98dc0 VMThread "VM Thread" [stack: 0x000000fc42f00000,0x000000fc43000000] [id=15264]
  0x000002da20870940 WatcherThread [stack: 0x000000fc43a00000,0x000000fc43b00000] [id=14148]
  0x000002da12a72040 GCTaskThread "GC Thread#0" [stack: 0x000000fc42a00000,0x000000fc42b00000] [id=19132]
  0x000002da215b5ad0 GCTaskThread "GC Thread#1" [stack: 0x000000fc43e00000,0x000000fc43f00000] [id=11584]
  0x000002da215b5d80 GCTaskThread "GC Thread#2" [stack: 0x000000fc43f00000,0x000000fc44000000] [id=7744]
  0x000002da215bd120 GCTaskThread "GC Thread#3" [stack: 0x000000fc44000000,0x000000fc44100000] [id=14500]
=>0x000002da215e49f0 GCTaskThread "GC Thread#4" [stack: 0x000000fc44100000,0x000000fc44200000] [id=10468]
  0x000002da216a9640 GCTaskThread "GC Thread#5" [stack: 0x000000fc44200000,0x000000fc44300000] [id=8868]
  0x000002da2183d070 GCTaskThread "GC Thread#6" [stack: 0x000000fc44300000,0x000000fc44400000] [id=8260]
  0x000002da2183d320 GCTaskThread "GC Thread#7" [stack: 0x000000fc44400000,0x000000fc44500000] [id=16676]
  0x000002da12a82da0 ConcurrentGCThread "G1 Main Marker" [stack: 0x000000fc42b00000,0x000000fc42c00000] [id=18924]
  0x000002da12a83df0 ConcurrentGCThread "G1 Conc#0" [stack: 0x000000fc42c00000,0x000000fc42d00000] [id=18956]
  0x000002da219a7060 ConcurrentGCThread "G1 Conc#1" [stack: 0x000000fc44600000,0x000000fc44700000] [id=12892]
  0x000002da12ad8930 ConcurrentGCThread "G1 Refine#0" [stack: 0x000000fc42d00000,0x000000fc42e00000] [id=13924]
  0x000002da224581e0 ConcurrentGCThread "G1 Refine#1" [stack: 0x000000fc45d00000,0x000000fc45e00000] [id=17276]
  0x000002da22457380 ConcurrentGCThread "G1 Refine#2" [stack: 0x000000fc45e00000,0x000000fc45f00000] [id=13752]
  0x000002da22457660 ConcurrentGCThread "G1 Refine#3" [stack: 0x000000fc46300000,0x000000fc46400000] [id=12112]
  0x000002da22457940 ConcurrentGCThread "G1 Refine#4" [stack: 0x000000fc46800000,0x000000fc46900000] [id=14400]
  0x000002da22456ae0 ConcurrentGCThread "G1 Refine#5" [stack: 0x000000fc46c00000,0x000000fc46d00000] [id=16080]
  0x000002da224570a0 ConcurrentGCThread "G1 Refine#6" [stack: 0x000000fc46d00000,0x000000fc46e00000] [id=10432]
  0x000002da1fc428b0 ConcurrentGCThread "G1 Service" [stack: 0x000000fc42e00000,0x000000fc42f00000] [id=12828]

Threads with active compile tasks:

VM state: at safepoint (normal execution)

VM Mutex/Monitor currently owned by a thread:  ([mutex/lock_event])
[0x000002da106f8670] Threads_lock - owner thread: 0x000002da1fd98dc0
[0x000002da107ba8f0] Heap_lock - owner thread: 0x000002da21396e50

Heap address: 0x0000000080400000, size: 2044 MB, Compressed Oops mode: 32-bit

CDS archive(s) not mapped
Compressed class space mapped at: 0x0000000100000000-0x0000000140000000, reserved size: 1073741824
Narrow klass base: 0x0000000000000000, Narrow klass shift: 3, Narrow klass range: 0x140000000

GC Precious Log:
 CPUs: 8 total, 8 available
 Memory: 8174M
 Large Page Support: Disabled
 NUMA Support: Disabled
 Compressed Oops: Enabled (32-bit)
 Heap Region Size: 1M
 Heap Min Capacity: 8M
 Heap Initial Capacity: 128M
 Heap Max Capacity: 2044M
 Pre-touch: Disabled
 Parallel Workers: 8
 Concurrent Workers: 2
 Concurrent Refinement Workers: 8
 Periodic GC: Disabled

Heap:
 garbage-first heap   total 130048K, used 38109K [0x0000000080400000, 0x0000000100000000)
  region size 1024K, 1 young (1024K), 0 survivors (0K)
 Metaspace       used 64902K, committed 65536K, reserved 1105920K
  class space    used 8738K, committed 8960K, reserved 1048576K

Heap Regions: E=young(eden), S=young(survivor), O=old, HS=humongous(starts), HC=humongous(continues), CS=collection set, F=free, OA=open archive, CA=closed archive, TAMS=top-at-mark-start (previous, next)
|   0|0x0000000080400000, 0x0000000080500000, 0x0000000080500000|100%| O|  |TAMS 0x0000000080500000, 0x0000000080400000| Untracked 
|   1|0x0000000080500000, 0x00000000805feb08, 0x0000000080600000| 99%| O|  |TAMS 0x00000000805feb08, 0x0000000080500000| Untracked 
|   2|0x0000000080600000, 0x0000000080700000, 0x0000000080700000|100%| O|  |TAMS 0x0000000080700000, 0x0000000080600000| Untracked 
|   3|0x0000000080700000, 0x0000000080800000, 0x0000000080800000|100%| O|  |TAMS 0x0000000080800000, 0x0000000080700000| Untracked 
|   4|0x0000000080800000, 0x00000000808fffd0, 0x0000000080900000| 99%| O|  |TAMS 0x00000000808fffd0, 0x0000000080800000| Untracked 
|   5|0x0000000080900000, 0x0000000080a00000, 0x0000000080a00000|100%| O|  |TAMS 0x0000000080a00000, 0x0000000080900000| Untracked 
|   6|0x0000000080a00000, 0x0000000080b00000, 0x0000000080b00000|100%| O|  |TAMS 0x0000000080b00000, 0x0000000080a00000| Untracked 
|   7|0x0000000080b00000, 0x0000000080c00000, 0x0000000080c00000|100%| O|  |TAMS 0x0000000080c00000, 0x0000000080b00000| Untracked 
|   8|0x0000000080c00000, 0x0000000080d00000, 0x0000000080d00000|100%| O|  |TAMS 0x0000000080d00000, 0x0000000080c00000| Untracked 
|   9|0x0000000080d00000, 0x0000000080dffff8, 0x0000000080e00000| 99%| O|  |TAMS 0x0000000080dffff8, 0x0000000080d00000| Untracked 
|  10|0x0000000080e00000, 0x0000000080f00000, 0x0000000080f00000|100%| O|  |TAMS 0x0000000080f00000, 0x0000000080e00000| Untracked 
|  11|0x0000000080f00000, 0x0000000080fffff8, 0x0000000081000000| 99%| O|  |TAMS 0x0000000080fffff8, 0x0000000080f00000| Untracked 
|  12|0x0000000081000000, 0x0000000081100000, 0x0000000081100000|100%| O|  |TAMS 0x0000000081100000, 0x0000000081000000| Untracked 
|  13|0x0000000081100000, 0x00000000811ffff8, 0x0000000081200000| 99%| O|  |TAMS 0x00000000811ffff8, 0x0000000081100000| Untracked 
|  14|0x0000000081200000, 0x00000000812fffb0, 0x0000000081300000| 99%| O|  |TAMS 0x00000000812fffb0, 0x0000000081200000| Untracked 
|  15|0x0000000081300000, 0x00000000813ffff8, 0x0000000081400000| 99%| O|  |TAMS 0x00000000813ffff8, 0x0000000081300000| Untracked 
|  16|0x0000000081400000, 0x00000000814fffb8, 0x0000000081500000| 99%| O|  |TAMS 0x00000000814fffb8, 0x0000000081400000| Untracked 
|  17|0x0000000081500000, 0x00000000815fe9b8, 0x0000000081600000| 99%| O|  |TAMS 0x00000000815fe9b8, 0x0000000081500000| Untracked 
|  18|0x0000000081600000, 0x0000000081700000, 0x0000000081700000|100%| O|  |TAMS 0x0000000081700000, 0x0000000081600000| Untracked 
|  19|0x0000000081700000, 0x00000000817ffff8, 0x0000000081800000| 99%| O|  |TAMS 0x00000000817ffff8, 0x0000000081700000| Untracked 
|  20|0x0000000081800000, 0x0000000081900000, 0x0000000081900000|100%| O|  |TAMS 0x0000000081900000, 0x0000000081800000| Untracked 
|  21|0x0000000081900000, 0x00000000819ffff0, 0x0000000081a00000| 99%| O|  |TAMS 0x00000000819ffff0, 0x0000000081900000| Untracked 
|  22|0x0000000081a00000, 0x0000000081afff90, 0x0000000081b00000| 99%| O|  |TAMS 0x0000000081afff90, 0x0000000081a00000| Untracked 
|  23|0x0000000081b00000, 0x0000000081bffff0, 0x0000000081c00000| 99%| O|  |TAMS 0x0000000081bffff0, 0x0000000081b00000| Untracked 
|  24|0x0000000081c00000, 0x0000000081d00000, 0x0000000081d00000|100%| O|  |TAMS 0x0000000081d00000, 0x0000000081c00000| Untracked 
|  25|0x0000000081d00000, 0x0000000081dfffb0, 0x0000000081e00000| 99%| O|  |TAMS 0x0000000081dfffb0, 0x0000000081d00000| Untracked 
|  26|0x0000000081e00000, 0x0000000081efff78, 0x0000000081f00000| 99%| O|  |TAMS 0x0000000081efff78, 0x0000000081e00000| Untracked 
|  27|0x0000000081f00000, 0x0000000081fffb68, 0x0000000082000000| 99%| O|  |TAMS 0x0000000081fffb68, 0x0000000081f00000| Untracked 
|  28|0x0000000082000000, 0x00000000820ffff8, 0x0000000082100000| 99%| O|  |TAMS 0x00000000820ffff8, 0x0000000082000000| Untracked 
|  29|0x0000000082100000, 0x00000000821fff20, 0x0000000082200000| 99%| O|  |TAMS 0x00000000821fff20, 0x0000000082100000| Untracked 
|  30|0x0000000082200000, 0x00000000822ffff0, 0x0000000082300000| 99%| O|  |TAMS 0x00000000822ffff0, 0x0000000082200000| Untracked 
|  31|0x0000000082300000, 0x0000000082400000, 0x0000000082400000|100%| O|  |TAMS 0x0000000082400000, 0x0000000082300000| Untracked 
|  32|0x0000000082400000, 0x00000000824c5b98, 0x0000000082500000| 77%| O|  |TAMS 0x0000000082400000, 0x0000000082400000| Untracked 
|  33|0x0000000082500000, 0x00000000825ffff0, 0x0000000082600000| 99%| O|  |TAMS 0x00000000825ffff0, 0x0000000082500000| Untracked 
|  34|0x0000000082600000, 0x00000000826fdbc8, 0x0000000082700000| 99%| O|  |TAMS 0x00000000826fdbc8, 0x0000000082600000| Untracked 
|  35|0x0000000082700000, 0x00000000827fffe8, 0x0000000082800000| 99%| O|  |TAMS 0x00000000827fffe8, 0x0000000082700000| Untracked 
|  36|0x0000000082800000, 0x00000000828614e0, 0x0000000082900000| 38%| O|  |TAMS 0x0000000082800000, 0x0000000082800000| Untracked 
|  37|0x0000000082900000, 0x0000000082900000, 0x0000000082a00000|  0%| F|  |TAMS 0x0000000082900000, 0x0000000082900000| Untracked 
|  38|0x0000000082a00000, 0x0000000082a00000, 0x0000000082b00000|  0%| F|  |TAMS 0x0000000082a00000, 0x0000000082a00000| Untracked 
|  39|0x0000000082b00000, 0x0000000082b00000, 0x0000000082c00000|  0%| F|  |TAMS 0x0000000082b00000, 0x0000000082b00000| Untracked 
|  40|0x0000000082c00000, 0x0000000082c00000, 0x0000000082d00000|  0%| F|  |TAMS 0x0000000082c00000, 0x0000000082c00000| Untracked 
|  41|0x0000000082d00000, 0x0000000082d00000, 0x0000000082e00000|  0%| F|  |TAMS 0x0000000082d00000, 0x0000000082d00000| Untracked 
|  42|0x0000000082e00000, 0x0000000082e00000, 0x0000000082f00000|  0%| F|  |TAMS 0x0000000082e00000, 0x0000000082e00000| Untracked 
|  43|0x0000000082f00000, 0x0000000082f00000, 0x0000000083000000|  0%| F|  |TAMS 0x0000000082f00000, 0x0000000082f00000| Untracked 
|  44|0x0000000083000000, 0x0000000083000000, 0x0000000083100000|  0%| F|  |TAMS 0x0000000083000000, 0x0000000083000000| Untracked 
|  45|0x0000000083100000, 0x0000000083100000, 0x0000000083200000|  0%| F|  |TAMS 0x0000000083100000, 0x0000000083100000| Untracked 
|  46|0x0000000083200000, 0x0000000083200000, 0x0000000083300000|  0%| F|  |TAMS 0x0000000083200000, 0x0000000083200000| Untracked 
|  47|0x0000000083300000, 0x0000000083300000, 0x0000000083400000|  0%| F|  |TAMS 0x0000000083300000, 0x0000000083300000| Untracked 
|  48|0x0000000083400000, 0x0000000083400000, 0x0000000083500000|  0%| F|  |TAMS 0x0000000083400000, 0x0000000083400000| Untracked 
|  49|0x0000000083500000, 0x0000000083500000, 0x0000000083600000|  0%| F|  |TAMS 0x0000000083500000, 0x0000000083500000| Untracked 
|  50|0x0000000083600000, 0x0000000083600000, 0x0000000083700000|  0%| F|  |TAMS 0x0000000083600000, 0x0000000083600000| Untracked 
|  51|0x0000000083700000, 0x0000000083700000, 0x0000000083800000|  0%| F|  |TAMS 0x0000000083700000, 0x0000000083700000| Untracked 
|  52|0x0000000083800000, 0x0000000083800000, 0x0000000083900000|  0%| F|  |TAMS 0x0000000083800000, 0x0000000083800000| Untracked 
|  53|0x0000000083900000, 0x0000000083900000, 0x0000000083a00000|  0%| F|  |TAMS 0x0000000083900000, 0x0000000083900000| Untracked 
|  54|0x0000000083a00000, 0x0000000083a00000, 0x0000000083b00000|  0%| F|  |TAMS 0x0000000083a00000, 0x0000000083a00000| Untracked 
|  55|0x0000000083b00000, 0x0000000083b00000, 0x0000000083c00000|  0%| F|  |TAMS 0x0000000083b00000, 0x0000000083b00000| Untracked 
|  56|0x0000000083c00000, 0x0000000083c00000, 0x0000000083d00000|  0%| F|  |TAMS 0x0000000083c00000, 0x0000000083c00000| Untracked 
|  57|0x0000000083d00000, 0x0000000083d00000, 0x0000000083e00000|  0%| F|  |TAMS 0x0000000083d00000, 0x0000000083d00000| Untracked 
|  58|0x0000000083e00000, 0x0000000083e00000, 0x0000000083f00000|  0%| F|  |TAMS 0x0000000083e00000, 0x0000000083e00000| Untracked 
|  59|0x0000000083f00000, 0x0000000083f00000, 0x0000000084000000|  0%| F|  |TAMS 0x0000000083f00000, 0x0000000083f00000| Untracked 
|  60|0x0000000084000000, 0x0000000084000000, 0x0000000084100000|  0%| F|  |TAMS 0x0000000084000000, 0x0000000084000000| Untracked 
|  61|0x0000000084100000, 0x0000000084100000, 0x0000000084200000|  0%| F|  |TAMS 0x0000000084100000, 0x0000000084100000| Untracked 
|  62|0x0000000084200000, 0x0000000084200000, 0x0000000084300000|  0%| F|  |TAMS 0x0000000084200000, 0x0000000084200000| Untracked 
|  63|0x0000000084300000, 0x0000000084300000, 0x0000000084400000|  0%| F|  |TAMS 0x0000000084300000, 0x0000000084300000| Untracked 
|  64|0x0000000084400000, 0x0000000084400000, 0x0000000084500000|  0%| F|  |TAMS 0x0000000084400000, 0x0000000084400000| Untracked 
|  65|0x0000000084500000, 0x0000000084500000, 0x0000000084600000|  0%| F|  |TAMS 0x0000000084500000, 0x0000000084500000| Untracked 
|  66|0x0000000084600000, 0x0000000084600000, 0x0000000084700000|  0%| F|  |TAMS 0x0000000084600000, 0x0000000084600000| Untracked 
|  67|0x0000000084700000, 0x0000000084700000, 0x0000000084800000|  0%| F|  |TAMS 0x0000000084700000, 0x0000000084700000| Untracked 
|  68|0x0000000084800000, 0x0000000084800000, 0x0000000084900000|  0%| F|  |TAMS 0x0000000084800000, 0x0000000084800000| Untracked 
|  69|0x0000000084900000, 0x0000000084900000, 0x0000000084a00000|  0%| F|  |TAMS 0x0000000084900000, 0x0000000084900000| Untracked 
|  70|0x0000000084a00000, 0x0000000084a00000, 0x0000000084b00000|  0%| F|  |TAMS 0x0000000084a00000, 0x0000000084a00000| Untracked 
|  71|0x0000000084b00000, 0x0000000084b00000, 0x0000000084c00000|  0%| F|  |TAMS 0x0000000084b00000, 0x0000000084b00000| Untracked 
|  72|0x0000000084c00000, 0x0000000084c00000, 0x0000000084d00000|  0%| F|  |TAMS 0x0000000084c00000, 0x0000000084c00000| Untracked 
|  73|0x0000000084d00000, 0x0000000084e00000, 0x0000000084e00000|100%|HS|  |TAMS 0x0000000084e00000, 0x0000000084d00000| Untracked 
|  74|0x0000000084e00000, 0x0000000084e00000, 0x0000000084f00000|  0%| F|  |TAMS 0x0000000084e00000, 0x0000000084e00000| Untracked 
|  75|0x0000000084f00000, 0x0000000084f00000, 0x0000000085000000|  0%| F|  |TAMS 0x0000000084f00000, 0x0000000084f00000| Untracked 
|  76|0x0000000085000000, 0x0000000085000000, 0x0000000085100000|  0%| F|  |TAMS 0x0000000085000000, 0x0000000085000000| Untracked 
|  77|0x0000000085100000, 0x0000000085100000, 0x0000000085200000|  0%| F|  |TAMS 0x0000000085100000, 0x0000000085100000| Untracked 
|  78|0x0000000085200000, 0x0000000085200000, 0x0000000085300000|  0%| F|  |TAMS 0x0000000085200000, 0x0000000085200000| Untracked 
|  79|0x0000000085300000, 0x0000000085300000, 0x0000000085400000|  0%| F|  |TAMS 0x0000000085300000, 0x0000000085300000| Untracked 
|  80|0x0000000085400000, 0x0000000085400000, 0x0000000085500000|  0%| F|  |TAMS 0x0000000085400000, 0x0000000085400000| Untracked 
|  81|0x0000000085500000, 0x0000000085500000, 0x0000000085600000|  0%| F|  |TAMS 0x0000000085500000, 0x0000000085500000| Untracked 
|  82|0x0000000085600000, 0x0000000085600000, 0x0000000085700000|  0%| F|  |TAMS 0x0000000085600000, 0x0000000085600000| Untracked 
|  83|0x0000000085700000, 0x0000000085700000, 0x0000000085800000|  0%| F|  |TAMS 0x0000000085700000, 0x0000000085700000| Untracked 
|  84|0x0000000085800000, 0x0000000085800000, 0x0000000085900000|  0%| F|  |TAMS 0x0000000085800000, 0x0000000085800000| Untracked 
|  85|0x0000000085900000, 0x0000000085900000, 0x0000000085a00000|  0%| F|  |TAMS 0x0000000085900000, 0x0000000085900000| Untracked 
|  86|0x0000000085a00000, 0x0000000085a00000, 0x0000000085b00000|  0%| F|  |TAMS 0x0000000085a00000, 0x0000000085a00000| Untracked 
|  87|0x0000000085b00000, 0x0000000085b00000, 0x0000000085c00000|  0%| F|  |TAMS 0x0000000085b00000, 0x0000000085b00000| Untracked 
|  88|0x0000000085c00000, 0x0000000085c00000, 0x0000000085d00000|  0%| F|  |TAMS 0x0000000085c00000, 0x0000000085c00000| Untracked 
|  89|0x0000000085d00000, 0x0000000085d00000, 0x0000000085e00000|  0%| F|  |TAMS 0x0000000085d00000, 0x0000000085d00000| Untracked 
|  90|0x0000000085e00000, 0x0000000085e00000, 0x0000000085f00000|  0%| F|  |TAMS 0x0000000085e00000, 0x0000000085e00000| Untracked 
|  91|0x0000000085f00000, 0x0000000085f00000, 0x0000000086000000|  0%| F|  |TAMS 0x0000000085f00000, 0x0000000085f00000| Untracked 
|  92|0x0000000086000000, 0x0000000086000000, 0x0000000086100000|  0%| F|  |TAMS 0x0000000086000000, 0x0000000086000000| Untracked 
|  93|0x0000000086100000, 0x0000000086100000, 0x0000000086200000|  0%| F|  |TAMS 0x0000000086100000, 0x0000000086100000| Untracked 
|  94|0x0000000086200000, 0x0000000086200000, 0x0000000086300000|  0%| F|  |TAMS 0x0000000086200000, 0x0000000086200000| Untracked 
|  95|0x0000000086300000, 0x0000000086300000, 0x0000000086400000|  0%| F|  |TAMS 0x0000000086300000, 0x0000000086300000| Untracked 
|  96|0x0000000086400000, 0x0000000086400000, 0x0000000086500000|  0%| F|  |TAMS 0x0000000086400000, 0x0000000086400000| Untracked 
|  97|0x0000000086500000, 0x0000000086500000, 0x0000000086600000|  0%| F|  |TAMS 0x0000000086500000, 0x0000000086500000| Untracked 
|  98|0x0000000086600000, 0x0000000086600000, 0x0000000086700000|  0%| F|  |TAMS 0x0000000086600000, 0x0000000086600000| Untracked 
|  99|0x0000000086700000, 0x0000000086700000, 0x0000000086800000|  0%| F|  |TAMS 0x0000000086700000, 0x0000000086700000| Untracked 
| 100|0x0000000086800000, 0x0000000086800000, 0x0000000086900000|  0%| F|  |TAMS 0x0000000086800000, 0x0000000086800000| Untracked 
| 101|0x0000000086900000, 0x0000000086900000, 0x0000000086a00000|  0%| F|  |TAMS 0x0000000086900000, 0x0000000086900000| Untracked 
| 102|0x0000000086a00000, 0x0000000086a00000, 0x0000000086b00000|  0%| F|  |TAMS 0x0000000086a00000, 0x0000000086a00000| Untracked 
| 103|0x0000000086b00000, 0x0000000086b00000, 0x0000000086c00000|  0%| F|  |TAMS 0x0000000086b00000, 0x0000000086b00000| Untracked 
| 104|0x0000000086c00000, 0x0000000086c00000, 0x0000000086d00000|  0%| F|  |TAMS 0x0000000086c00000, 0x0000000086c00000| Untracked 
| 105|0x0000000086d00000, 0x0000000086d00000, 0x0000000086e00000|  0%| F|  |TAMS 0x0000000086d00000, 0x0000000086d00000| Untracked 
| 106|0x0000000086e00000, 0x0000000086e00000, 0x0000000086f00000|  0%| F|  |TAMS 0x0000000086e00000, 0x0000000086e00000| Untracked 
| 107|0x0000000086f00000, 0x0000000086f00000, 0x0000000087000000|  0%| F|  |TAMS 0x0000000086f00000, 0x0000000086f00000| Untracked 
| 108|0x0000000087000000, 0x0000000087000000, 0x0000000087100000|  0%| F|  |TAMS 0x0000000087000000, 0x0000000087000000| Untracked 
| 109|0x0000000087100000, 0x0000000087100000, 0x0000000087200000|  0%| F|  |TAMS 0x0000000087100000, 0x0000000087100000| Untracked 
| 110|0x0000000087200000, 0x0000000087200000, 0x0000000087300000|  0%| F|  |TAMS 0x0000000087200000, 0x0000000087200000| Untracked 
| 111|0x0000000087300000, 0x0000000087300000, 0x0000000087400000|  0%| F|  |TAMS 0x0000000087300000, 0x0000000087300000| Untracked 
| 112|0x0000000087400000, 0x0000000087400000, 0x0000000087500000|  0%| F|  |TAMS 0x0000000087400000, 0x0000000087400000| Untracked 
| 113|0x0000000087500000, 0x0000000087500000, 0x0000000087600000|  0%| F|  |TAMS 0x0000000087500000, 0x0000000087500000| Untracked 
| 114|0x0000000087600000, 0x0000000087600000, 0x0000000087700000|  0%| F|  |TAMS 0x0000000087600000, 0x0000000087600000| Untracked 
| 115|0x0000000087700000, 0x0000000087700000, 0x0000000087800000|  0%| F|  |TAMS 0x0000000087700000, 0x0000000087700000| Untracked 
| 116|0x0000000087800000, 0x0000000087800000, 0x0000000087900000|  0%| F|  |TAMS 0x0000000087800000, 0x0000000087800000| Untracked 
| 117|0x0000000087900000, 0x0000000087902250, 0x0000000087a00000|  0%| O|  |TAMS 0x0000000087900000, 0x0000000087900000| Untracked 
| 118|0x0000000087a00000, 0x0000000087a00000, 0x0000000087b00000|  0%| F|  |TAMS 0x0000000087a00000, 0x0000000087a00000| Untracked 
| 119|0x0000000087b00000, 0x0000000087b00000, 0x0000000087c00000|  0%| F|  |TAMS 0x0000000087b00000, 0x0000000087b00000| Untracked 
| 120|0x0000000087c00000, 0x0000000087c00000, 0x0000000087d00000|  0%| F|  |TAMS 0x0000000087c00000, 0x0000000087c00000| Untracked 
| 121|0x0000000087d00000, 0x0000000087d00000, 0x0000000087e00000|  0%| F|  |TAMS 0x0000000087d00000, 0x0000000087d00000| Untracked 
| 122|0x0000000087e00000, 0x0000000087e00000, 0x0000000087f00000|  0%| F|  |TAMS 0x0000000087e00000, 0x0000000087e00000| Untracked 
| 123|0x0000000087f00000, 0x0000000087f00000, 0x0000000088000000|  0%| F|  |TAMS 0x0000000087f00000, 0x0000000087f00000| Untracked 
| 124|0x0000000088000000, 0x0000000088000000, 0x0000000088100000|  0%| F|  |TAMS 0x0000000088000000, 0x0000000088000000| Untracked 
| 125|0x0000000088100000, 0x0000000088100000, 0x0000000088200000|  0%| F|  |TAMS 0x0000000088100000, 0x0000000088100000| Untracked 
| 126|0x0000000088200000, 0x0000000088213a48, 0x0000000088300000|  7%| E|  |TAMS 0x0000000088200000, 0x0000000088200000| Complete 

Card table byte_map: [0x000002da18bb0000,0x000002da18fb0000] _byte_map_base: 0x000002da187ae000

Marking Bits (Prev, Next): (CMBitMap*) 0x000002da12a724f0, (CMBitMap*) 0x000002da12a72530
 Prev Bits: [0x000002da193b0000, 0x000002da1b3a0000)
 Next Bits: [0x000002da1b3a0000, 0x000002da1d390000)

Polling page: 0x000002da10940000

Metaspace:

Usage:
  Non-class:     54.85 MB used.
      Class:      8.53 MB used.
       Both:     63.38 MB used.

Virtual space:
  Non-class space:       56.00 MB reserved,      55.25 MB ( 99%) committed,  7 nodes.
      Class space:        1.00 GB reserved,       8.75 MB ( <1%) committed,  1 nodes.
             Both:        1.05 GB reserved,      64.00 MB (  6%) committed. 

Chunk freelists:
   Non-Class:  802.00 KB
       Class:  3.29 MB
        Both:  4.07 MB

MaxMetaspaceSize: unlimited
CompressedClassSpaceSize: 1.00 GB
Initial GC threshold: 21.00 MB
Current GC threshold: 106.56 MB
CDS: off
MetaspaceReclaimPolicy: balanced
 - commit_granule_bytes: 65536.
 - commit_granule_words: 8192.
 - virtual_space_node_default_size: 1048576.
 - enlarge_chunks_in_place: 1.
 - new_chunks_are_fully_committed: 0.
 - uncommit_free_chunks: 1.
 - use_allocation_guard: 0.
 - handle_deallocations: 1.


Internal statistics:

num_allocs_failed_limit: 8.
num_arena_births: 614.
num_arena_deaths: 170.
num_vsnodes_births: 8.
num_vsnodes_deaths: 0.
num_space_committed: 1024.
num_space_uncommitted: 0.
num_chunks_returned_to_freelist: 207.
num_chunks_taken_from_freelist: 2627.
num_chunk_merges: 69.
num_chunk_splits: 1903.
num_chunks_enlarged: 1475.
num_purges: 10.
num_inconsistent_stats: 0.

CodeCache: size=49152Kb used=13732Kb max_used=15363Kb free=35419Kb
 bounds [0x000002da156a0000, 0x000002da165b0000, 0x000002da186a0000]
 total_blobs=8015 nmethods=7348 adapters=595
 compilation: enabled
              stopped_count=0, restarted_count=0
 full_count=0

Compilation events (20 events):
Event: 45.858 Thread 0x000002da1fe0e9d0 7336   !   1       com.google.gson.internal.bind.ReflectiveTypeAdapterFactory$Adapter::write (75 bytes)
Event: 45.858 Thread 0x000002da24649010 7337       1       java.nio.charset.Charset::forName (20 bytes)
Event: 45.859 Thread 0x000002da221239f0 7338       1       java.lang.Integer::toString (8 bytes)
Event: 45.859 Thread 0x000002da221239f0 nmethod 7338 0x000002da164e9310 code [0x000002da164e94a0, 0x000002da164e9588]
Event: 45.859 Thread 0x000002da24649010 nmethod 7337 0x000002da164e8f10 code [0x000002da164e90c0, 0x000002da164e9238]
Event: 45.859 Thread 0x000002da221239f0 7339   !   1       java.io.PrintStream::flush (35 bytes)
Event: 45.859 Thread 0x000002da1fe0e9d0 nmethod 7336 0x000002da164e8510 code [0x000002da164e8760, 0x000002da164e8ba8]
Event: 45.859 Thread 0x000002da24649010 7340       1       com.google.common.base.Preconditions::checkPositionIndex (8 bytes)
Event: 45.859 Thread 0x000002da1fe0e9d0 7341       1       com.google.common.base.Preconditions::checkPositionIndex (25 bytes)
Event: 45.859 Thread 0x000002da221239f0 nmethod 7339 0x000002da164e7f10 code [0x000002da164e80c0, 0x000002da164e8378]
Event: 45.859 Thread 0x000002da1fe0e9d0 nmethod 7341 0x000002da164e7b10 code [0x000002da164e7cc0, 0x000002da164e7e38]
Event: 45.859 Thread 0x000002da24649010 nmethod 7340 0x000002da164e7690 code [0x000002da164e7840, 0x000002da164e79b8]
Event: 45.860 Thread 0x000002da24649010 7342       1       com.google.gson.stream.JsonWriter::nullValue (43 bytes)
Event: 45.860 Thread 0x000002da24649010 nmethod 7342 0x000002da164e7190 code [0x000002da164e7360, 0x000002da164e7578]
Event: 68.072 Thread 0x000002da1fe0e9d0 7343       1       java.util.concurrent.locks.AbstractQueuedSynchronizer$Node::<init> (5 bytes)
Event: 68.073 Thread 0x000002da1fe0e9d0 nmethod 7343 0x000002da164e6e90 code [0x000002da164e7020, 0x000002da164e70d8]
Event: 84.308 Thread 0x000002da1fe0e9d0 7346       1       java.util.Collections$SetFromMap::isEmpty (10 bytes)
Event: 84.308 Thread 0x000002da1fe0e9d0 nmethod 7346 0x000002da164e6590 code [0x000002da164e6720, 0x000002da164e6808]
Event: 95.077 Thread 0x000002da1fe0e9d0 7347       1       java.math.BigDecimal::valueOf (46 bytes)
Event: 95.077 Thread 0x000002da1fe0e9d0 nmethod 7347 0x000002da164e5f10 code [0x000002da164e60e0, 0x000002da164e6448]

GC Heap History (20 events):
Event: 94.501 GC heap after
{Heap after GC invocations=40 (full 2):
 garbage-first heap   total 147456K, used 42208K [0x0000000080400000, 0x0000000100000000)
  region size 1024K, 0 young (0K), 0 survivors (0K)
 Metaspace       used 64982K, committed 65472K, reserved 1105920K
  class space    used 8756K, committed 8960K, reserved 1048576K
}
Event: 104.661 GC heap before
{Heap before GC invocations=40 (full 2):
 garbage-first heap   total 147456K, used 42208K [0x0000000080400000, 0x0000000100000000)
  region size 1024K, 1 young (1024K), 0 survivors (0K)
 Metaspace       used 65093K, committed 65536K, reserved 1105920K
  class space    used 8781K, committed 8960K, reserved 1048576K
}
Event: 104.697 GC heap after
{Heap after GC invocations=41 (full 3):
 garbage-first heap   total 143360K, used 42184K [0x0000000080400000, 0x0000000100000000)
  region size 1024K, 0 young (0K), 0 survivors (0K)
 Metaspace       used 65093K, committed 65536K, reserved 1105920K
  class space    used 8781K, committed 8960K, reserved 1048576K
}
Event: 114.859 GC heap before
{Heap before GC invocations=41 (full 3):
 garbage-first heap   total 143360K, used 42184K [0x0000000080400000, 0x0000000100000000)
  region size 1024K, 1 young (1024K), 0 survivors (0K)
 Metaspace       used 65094K, committed 65536K, reserved 1105920K
  class space    used 8781K, committed 8960K, reserved 1048576K
}
Event: 114.904 GC heap after
{Heap after GC invocations=42 (full 4):
 garbage-first heap   total 143360K, used 42183K [0x0000000080400000, 0x0000000100000000)
  region size 1024K, 0 young (0K), 0 survivors (0K)
 Metaspace       used 65094K, committed 65536K, reserved 1105920K
  class space    used 8781K, committed 8960K, reserved 1048576K
}
Event: 125.068 GC heap before
{Heap before GC invocations=42 (full 4):
 garbage-first heap   total 143360K, used 42183K [0x0000000080400000, 0x0000000100000000)
  region size 1024K, 1 young (1024K), 0 survivors (0K)
 Metaspace       used 65094K, committed 65536K, reserved 1105920K
  class space    used 8781K, committed 8960K, reserved 1048576K
}
Event: 125.118 GC heap after
{Heap after GC invocations=43 (full 5):
 garbage-first heap   total 143360K, used 41761K [0x0000000080400000, 0x0000000100000000)
  region size 1024K, 0 young (0K), 0 survivors (0K)
 Metaspace       used 65042K, committed 65536K, reserved 1105920K
  class space    used 8768K, committed 8960K, reserved 1048576K
}
Event: 135.275 GC heap before
{Heap before GC invocations=43 (full 5):
 garbage-first heap   total 143360K, used 41761K [0x0000000080400000, 0x0000000100000000)
  region size 1024K, 1 young (1024K), 0 survivors (0K)
 Metaspace       used 65042K, committed 65536K, reserved 1105920K
  class space    used 8768K, committed 8960K, reserved 1048576K
}
Event: 135.328 GC heap after
{Heap after GC invocations=44 (full 6):
 garbage-first heap   total 140288K, used 40945K [0x0000000080400000, 0x0000000100000000)
  region size 1024K, 0 young (0K), 0 survivors (0K)
 Metaspace       used 65038K, committed 65536K, reserved 1105920K
  class space    used 8767K, committed 8960K, reserved 1048576K
}
Event: 145.464 GC heap before
{Heap before GC invocations=44 (full 6):
 garbage-first heap   total 140288K, used 40945K [0x0000000080400000, 0x0000000100000000)
  region size 1024K, 1 young (1024K), 0 survivors (0K)
 Metaspace       used 65038K, committed 65536K, reserved 1105920K
  class space    used 8767K, committed 8960K, reserved 1048576K
}
Event: 145.517 GC heap after
{Heap after GC invocations=45 (full 7):
 garbage-first heap   total 137216K, used 39164K [0x0000000080400000, 0x0000000100000000)
  region size 1024K, 0 young (0K), 0 survivors (0K)
 Metaspace       used 64952K, committed 65536K, reserved 1105920K
  class space    used 8747K, committed 8960K, reserved 1048576K
}
Event: 155.678 GC heap before
{Heap before GC invocations=45 (full 7):
 garbage-first heap   total 137216K, used 39164K [0x0000000080400000, 0x0000000100000000)
  region size 1024K, 1 young (1024K), 0 survivors (0K)
 Metaspace       used 64952K, committed 65536K, reserved 1105920K
  class space    used 8747K, committed 8960K, reserved 1048576K
}
Event: 155.727 GC heap after
{Heap after GC invocations=46 (full 8):
 garbage-first heap   total 133120K, used 38030K [0x0000000080400000, 0x0000000100000000)
  region size 1024K, 0 young (0K), 0 survivors (0K)
 Metaspace       used 64902K, committed 65536K, reserved 1105920K
  class space    used 8738K, committed 8960K, reserved 1048576K
}
Event: 165.886 GC heap before
{Heap before GC invocations=46 (full 8):
 garbage-first heap   total 133120K, used 38030K [0x0000000080400000, 0x0000000100000000)
  region size 1024K, 1 young (1024K), 0 survivors (0K)
 Metaspace       used 64902K, committed 65536K, reserved 1105920K
  class space    used 8738K, committed 8960K, reserved 1048576K
}
Event: 165.926 GC heap after
{Heap after GC invocations=47 (full 9):
 garbage-first heap   total 133120K, used 38030K [0x0000000080400000, 0x0000000100000000)
  region size 1024K, 0 young (0K), 0 survivors (0K)
 Metaspace       used 64902K, committed 65536K, reserved 1105920K
  class space    used 8738K, committed 8960K, reserved 1048576K
}
Event: 176.143 GC heap before
{Heap before GC invocations=47 (full 9):
 garbage-first heap   total 133120K, used 38030K [0x0000000080400000, 0x0000000100000000)
  region size 1024K, 1 young (1024K), 0 survivors (0K)
 Metaspace       used 64902K, committed 65536K, reserved 1105920K
  class space    used 8738K, committed 8960K, reserved 1048576K
}
Event: 176.190 GC heap after
{Heap after GC invocations=48 (full 10):
 garbage-first heap   total 130048K, used 38030K [0x0000000080400000, 0x0000000100000000)
  region size 1024K, 0 young (0K), 0 survivors (0K)
 Metaspace       used 64902K, committed 65536K, reserved 1105920K
  class space    used 8738K, committed 8960K, reserved 1048576K
}
Event: 186.330 GC heap before
{Heap before GC invocations=48 (full 10):
 garbage-first heap   total 130048K, used 38030K [0x0000000080400000, 0x0000000100000000)
  region size 1024K, 1 young (1024K), 0 survivors (0K)
 Metaspace       used 64902K, committed 65536K, reserved 1105920K
  class space    used 8738K, committed 8960K, reserved 1048576K
}
Event: 186.367 GC heap after
{Heap after GC invocations=49 (full 11):
 garbage-first heap   total 130048K, used 38030K [0x0000000080400000, 0x0000000100000000)
  region size 1024K, 0 young (0K), 0 survivors (0K)
 Metaspace       used 64902K, committed 65536K, reserved 1105920K
  class space    used 8738K, committed 8960K, reserved 1048576K
}
Event: 196.576 GC heap before
{Heap before GC invocations=49 (full 11):
 garbage-first heap   total 130048K, used 38030K [0x0000000080400000, 0x0000000100000000)
  region size 1024K, 1 young (1024K), 0 survivors (0K)
 Metaspace       used 64902K, committed 65536K, reserved 1105920K
  class space    used 8738K, committed 8960K, reserved 1048576K
}

Dll operation events (9 events):
Event: 2.282 Loaded shared library c:\Users\ander\.vscode\extensions\redhat.java-1.13.0-win32-x64\jre\17.0.5-win32-x86_64\bin\java.dll
Event: 6.971 Loaded shared library C:\Users\ander\.vscode\extensions\redhat.java-1.13.0-win32-x64\jre\17.0.5-win32-x86_64\bin\net.dll
Event: 6.995 Loaded shared library C:\Users\ander\.vscode\extensions\redhat.java-1.13.0-win32-x64\jre\17.0.5-win32-x86_64\bin\nio.dll
Event: 7.032 Loaded shared library C:\Users\ander\.vscode\extensions\redhat.java-1.13.0-win32-x64\jre\17.0.5-win32-x86_64\bin\zip.dll
Event: 11.343 Loaded shared library C:\Users\ander\.vscode\extensions\redhat.java-1.13.0-win32-x64\jre\17.0.5-win32-x86_64\bin\jimage.dll
Event: 12.086 Loaded shared library c:\Users\ander\.vscode\extensions\redhat.java-1.13.0-win32-x64\jre\17.0.5-win32-x86_64\bin\verify.dll
Event: 24.008 Loaded shared library C:\Users\ander\.vscode\extensions\redhat.java-1.13.0-win32-x64\jre\17.0.5-win32-x86_64\bin\management.dll
Event: 24.031 Loaded shared library C:\Users\ander\.vscode\extensions\redhat.java-1.13.0-win32-x64\jre\17.0.5-win32-x86_64\bin\management_ext.dll
Event: 33.956 Loaded shared library C:\Users\ander\.vscode\extensions\redhat.java-1.13.0-win32-x64\jre\17.0.5-win32-x86_64\bin\sunmscapi.dll

Deoptimization events (20 events):
Event: 25.989 Thread 0x000002da22142a60 DEOPT PACKING pc=0x000002da15c43181 sp=0x000000fc45bfeab0
Event: 25.989 Thread 0x000002da22142a60 DEOPT UNPACKING pc=0x000002da156f2b43 sp=0x000000fc45bfdf40 mode 3
Event: 26.269 Thread 0x000002da21f32080 DEOPT PACKING pc=0x000002da15c3df17 sp=0x000000fc450fea10
Event: 26.269 Thread 0x000002da21f32080 DEOPT UNPACKING pc=0x000002da156f2b43 sp=0x000000fc450fde68 mode 3
Event: 27.643 Thread 0x000002da22144740 DEOPT PACKING pc=0x000002da15e26e04 sp=0x000000fc458fe880
Event: 27.643 Thread 0x000002da22144740 DEOPT UNPACKING pc=0x000002da156f2b43 sp=0x000000fc458fdd20 mode 0
Event: 33.516 Thread 0x000002da22144c10 DEOPT PACKING pc=0x000002da15894d0c sp=0x000000fc465fe2f0
Event: 33.516 Thread 0x000002da22144c10 DEOPT UNPACKING pc=0x000002da156f2b43 sp=0x000000fc465fd7b8 mode 0
Event: 35.300 Thread 0x000002da21f316e0 DEOPT PACKING pc=0x000002da16140e6e sp=0x000000fc44cfd070
Event: 35.300 Thread 0x000002da21f316e0 DEOPT UNPACKING pc=0x000002da156f2b43 sp=0x000000fc44cfc568 mode 3
Event: 44.367 Thread 0x000002da21f30d40 DEOPT PACKING pc=0x000002da15c34152 sp=0x000000fc44bfc950
Event: 44.367 Thread 0x000002da21f30d40 DEOPT UNPACKING pc=0x000002da156f2b43 sp=0x000000fc44bfbe58 mode 3
Event: 45.050 Thread 0x000002da21f30d40 DEOPT PACKING pc=0x000002da16520674 sp=0x000000fc44bfdf30
Event: 45.050 Thread 0x000002da21f30d40 DEOPT UNPACKING pc=0x000002da156f2b43 sp=0x000000fc44bfd428 mode 0
Event: 45.050 Thread 0x000002da21f30d40 DEOPT PACKING pc=0x000002da16540674 sp=0x000000fc44bfe000
Event: 45.050 Thread 0x000002da21f30d40 DEOPT UNPACKING pc=0x000002da156f2b43 sp=0x000000fc44bfd4d8 mode 0
Event: 45.051 Thread 0x000002da21f30d40 DEOPT PACKING pc=0x000002da1645aba4 sp=0x000000fc44bfe0b0
Event: 45.051 Thread 0x000002da21f30d40 DEOPT UNPACKING pc=0x000002da156f2b43 sp=0x000000fc44bfd630 mode 0
Event: 45.052 Thread 0x000002da21f30d40 DEOPT PACKING pc=0x000002da1653532c sp=0x000000fc44bfe3d0
Event: 45.052 Thread 0x000002da21f30d40 DEOPT UNPACKING pc=0x000002da156f2b43 sp=0x000000fc44bfd860 mode 0

Classes unloaded (20 events):
Event: 155.699 Thread 0x000002da1fd98dc0 Unloading class 0x00000001008bc800 'jdk/internal/reflect/GeneratedConstructorAccessor32'
Event: 155.699 Thread 0x000002da1fd98dc0 Unloading class 0x00000001008bc400 'jdk/internal/reflect/GeneratedConstructorAccessor31'
Event: 155.699 Thread 0x000002da1fd98dc0 Unloading class 0x0000000100880000 'jdk/internal/reflect/GeneratedMethodAccessor21'
Event: 155.699 Thread 0x000002da1fd98dc0 Unloading class 0x00000001000cb800 'java/lang/invoke/LambdaForm$MH+0x00000001000cb800'
Event: 155.699 Thread 0x000002da1fd98dc0 Unloading class 0x00000001000cb400 'java/lang/invoke/LambdaForm$MH+0x00000001000cb400'
Event: 155.699 Thread 0x000002da1fd98dc0 Unloading class 0x00000001000cb000 'java/lang/invoke/LambdaForm$MH+0x00000001000cb000'
Event: 155.699 Thread 0x000002da1fd98dc0 Unloading class 0x00000001000cac00 'java/lang/invoke/LambdaForm$MH+0x00000001000cac00'
Event: 155.699 Thread 0x000002da1fd98dc0 Unloading class 0x00000001000ca800 'java/lang/invoke/LambdaForm$MH+0x00000001000ca800'
Event: 155.699 Thread 0x000002da1fd98dc0 Unloading class 0x00000001000ca400 'java/lang/invoke/LambdaForm$MH+0x00000001000ca400'
Event: 196.599 Thread 0x000002da1fd98dc0 Unloading class 0x00000001004b5400 'java/lang/invoke/LambdaForm$MH+0x00000001004b5400'
Event: 196.599 Thread 0x000002da1fd98dc0 Unloading class 0x00000001004b5000 'java/lang/invoke/LambdaForm$MH+0x00000001004b5000'
Event: 196.599 Thread 0x000002da1fd98dc0 Unloading class 0x00000001004b4c00 'java/lang/invoke/LambdaForm$MH+0x00000001004b4c00'
Event: 196.599 Thread 0x000002da1fd98dc0 Unloading class 0x00000001004b4800 'java/lang/invoke/LambdaForm$MH+0x00000001004b4800'
Event: 196.599 Thread 0x000002da1fd98dc0 Unloading class 0x00000001004b4400 'java/lang/invoke/LambdaForm$MH+0x00000001004b4400'
Event: 196.599 Thread 0x000002da1fd98dc0 Unloading class 0x00000001004b4000 'java/lang/invoke/LambdaForm$MH+0x00000001004b4000'
Event: 196.599 Thread 0x000002da1fd98dc0 Unloading class 0x0000000100360800 'java/lang/invoke/LambdaForm$MH+0x0000000100360800'
Event: 196.599 Thread 0x000002da1fd98dc0 Unloading class 0x00000001000c9c00 'java/lang/invoke/LambdaForm$MH+0x00000001000c9c00'
Event: 196.599 Thread 0x000002da1fd98dc0 Unloading class 0x00000001000c9400 'java/lang/invoke/LambdaForm$MH+0x00000001000c9400'
Event: 196.599 Thread 0x000002da1fd98dc0 Unloading class 0x00000001000c8c00 'java/lang/invoke/LambdaForm$MH+0x00000001000c8c00'
Event: 196.599 Thread 0x000002da1fd98dc0 Unloading class 0x00000001000c8400 'java/lang/invoke/LambdaForm$MH+0x00000001000c8400'

Classes redefined (0 events):
No events

Internal exceptions (20 events):
Event: 43.857 Thread 0x000002da22145f50 Exception <a 'sun/nio/fs/WindowsException'{0x00000000a8c85ca0}> (0x00000000a8c85ca0) 
thrown [s\src\hotspot\share\prims\jni.cpp, line 516]
Event: 43.857 Thread 0x000002da22145f50 Exception <a 'sun/nio/fs/WindowsException'{0x00000000a8c86690}> (0x00000000a8c86690) 
thrown [s\src\hotspot\share\prims\jni.cpp, line 516]
Event: 43.857 Thread 0x000002da22145f50 Exception <a 'sun/nio/fs/WindowsException'{0x00000000a8c86a38}> (0x00000000a8c86a38) 
thrown [s\src\hotspot\share\prims\jni.cpp, line 516]
Event: 43.858 Thread 0x000002da22145f50 Exception <a 'sun/nio/fs/WindowsException'{0x00000000a8c87438}> (0x00000000a8c87438) 
thrown [s\src\hotspot\share\prims\jni.cpp, line 516]
Event: 43.858 Thread 0x000002da22145f50 Exception <a 'sun/nio/fs/WindowsException'{0x00000000a8c877f8}> (0x00000000a8c877f8) 
thrown [s\src\hotspot\share\prims\jni.cpp, line 516]
Event: 43.858 Thread 0x000002da22145f50 Exception <a 'sun/nio/fs/WindowsException'{0x00000000a8c881f8}> (0x00000000a8c881f8) 
thrown [s\src\hotspot\share\prims\jni.cpp, line 516]
Event: 43.858 Thread 0x000002da22145f50 Exception <a 'sun/nio/fs/WindowsException'{0x00000000a8c885a8}> (0x00000000a8c885a8) 
thrown [s\src\hotspot\share\prims\jni.cpp, line 516]
Event: 43.858 Thread 0x000002da22145f50 Exception <a 'sun/nio/fs/WindowsException'{0x00000000a8c88fa8}> (0x00000000a8c88fa8) 
thrown [s\src\hotspot\share\prims\jni.cpp, line 516]
Event: 43.859 Thread 0x000002da22145f50 Exception <a 'sun/nio/fs/WindowsException'{0x00000000a8c89368}> (0x00000000a8c89368) 
thrown [s\src\hotspot\share\prims\jni.cpp, line 516]
Event: 43.859 Thread 0x000002da22145f50 Exception <a 'sun/nio/fs/WindowsException'{0x00000000a8c89d90}> (0x00000000a8c89d90) 
thrown [s\src\hotspot\share\prims\jni.cpp, line 516]
Event: 43.859 Thread 0x000002da22145f50 Exception <a 'sun/nio/fs/WindowsException'{0x00000000a8c8a170}> (0x00000000a8c8a170) 
thrown [s\src\hotspot\share\prims\jni.cpp, line 516]
Event: 43.859 Thread 0x000002da22145f50 Exception <a 'sun/nio/fs/WindowsException'{0x00000000a8c8aba8}> (0x00000000a8c8aba8) 
thrown [s\src\hotspot\share\prims\jni.cpp, line 516]
Event: 43.860 Thread 0x000002da22145f50 Exception <a 'sun/nio/fs/WindowsException'{0x00000000a8c8af98}> (0x00000000a8c8af98) 
thrown [s\src\hotspot\share\prims\jni.cpp, line 516]
Event: 43.860 Thread 0x000002da22145f50 Exception <a 'sun/nio/fs/WindowsException'{0x00000000a8c8b9c0}> (0x00000000a8c8b9c0) 
thrown [s\src\hotspot\share\prims\jni.cpp, line 516]
Event: 43.860 Thread 0x000002da22145f50 Exception <a 'sun/nio/fs/WindowsException'{0x00000000a8c8bdb0}> (0x00000000a8c8bdb0) 
thrown [s\src\hotspot\share\prims\jni.cpp, line 516]
Event: 44.045 Thread 0x000002da21f30d40 Exception <a 'java/lang/NoSuchMethodError'{0x00000000a8d2ce38}: 'void java.lang.invoke.DirectMethodHandle$Holder.invokeStatic(java.lang.Object, java.lang.Object, java.lang.Object, java.lang.Object, java.lang.Object, java.lang.Object, java.lang.Object)'> (0x00000000a8d2ce38) 
thrown [s\src\hotspot\share\interpreter\linkResolver.cpp, line 759]
Event: 45.857 Thread 0x000002da22141bf0 Exception <a 'sun/nio/fs/WindowsException'{0x000000009e6fd428}> (0x000000009e6fd428) 
thrown [s\src\hotspot\share\prims\jni.cpp, line 516]
Event: 45.857 Thread 0x000002da22141bf0 Exception <a 'sun/nio/fs/WindowsException'{0x000000009e6fd7b8}> (0x000000009e6fd7b8) 
thrown [s\src\hotspot\share\prims\jni.cpp, line 516]
Event: 84.011 Thread 0x000002da21396e50 Exception <a 'java/lang/NoSuchMethodError'{0x00000000a6b72b58}: 'void java.lang.invoke.DirectMethodHandle$Holder.invokeStatic(java.lang.Object, long)'> (0x00000000a6b72b58) 
thrown [s\src\hotspot\share\interpreter\linkResolver.cpp, line 759]
Event: 84.012 Thread 0x000002da21396e50 Exception <a 'java/lang/NoSuchMethodError'{0x00000000a6b77f08}: 'java.lang.Object java.lang.invoke.DirectMethodHandle$Holder.newInvokeSpecial(java.lang.Object, long)'> (0x00000000a6b77f08) 
thrown [s\src\hotspot\share\interpreter\linkResolver.cpp, line 759]

VM Operations (20 events):
Event: 96.011 Executing VM operation: Cleanup done
Event: 104.661 Executing VM operation: G1CollectFull
Event: 104.698 Executing VM operation: G1CollectFull done
Event: 114.859 Executing VM operation: G1CollectFull
Event: 114.905 Executing VM operation: G1CollectFull done
Event: 125.067 Executing VM operation: G1CollectFull
Event: 125.119 Executing VM operation: G1CollectFull done
Event: 135.275 Executing VM operation: G1CollectFull
Event: 135.328 Executing VM operation: G1CollectFull done
Event: 145.464 Executing VM operation: G1CollectFull
Event: 145.517 Executing VM operation: G1CollectFull done
Event: 155.678 Executing VM operation: G1CollectFull
Event: 155.727 Executing VM operation: G1CollectFull done
Event: 165.885 Executing VM operation: G1CollectFull
Event: 165.926 Executing VM operation: G1CollectFull done
Event: 176.143 Executing VM operation: G1CollectFull
Event: 176.190 Executing VM operation: G1CollectFull done
Event: 186.330 Executing VM operation: G1CollectFull
Event: 186.367 Executing VM operation: G1CollectFull done
Event: 196.576 Executing VM operation: G1CollectFull

Events (20 events):
Event: 95.002 loading class sun/net/www/protocol/http/HttpURLConnection$10 done
Event: 95.010 loading class sun/net/www/http/KeepAliveCache$1
Event: 95.010 loading class sun/net/www/http/KeepAliveCache$1 done
Event: 95.010 Thread 0x000002da21f32080 Thread added: 0x000002da21f32080
Event: 95.010 loading class sun/net/www/http/ClientVector
Event: 95.010 loading class sun/net/www/http/ClientVector done
Event: 95.010 loading class sun/net/www/http/KeepAliveEntry
Event: 95.010 loading class sun/net/www/http/KeepAliveEntry done
Event: 95.074 loading class java/io/OutputStream$1
Event: 95.074 loading class java/io/OutputStream$1 done
Event: 95.319 Thread 0x000002da21f316e0 Thread exited: 0x000002da21f316e0
Event: 100.021 loading class sun/security/ssl/Alert
Event: 100.192 loading class sun/security/ssl/Alert done
Event: 100.193 loading class sun/security/ssl/Alert$AlertConsumer
Event: 100.269 loading class sun/security/ssl/Alert$AlertConsumer done
Event: 100.270 loading class sun/security/ssl/Alert$Level
Event: 100.270 loading class sun/security/ssl/Alert$Level done
Event: 100.273 Thread 0x000002da21f32080 Thread exited: 0x000002da21f32080
Event: 105.348 Thread 0x000002da22145a80 Thread exited: 0x000002da22145a80
Event: 165.361 Thread 0x000002da21f30d40 Thread exited: 0x000002da21f30d40


Dynamic libraries:
0x00007ff7ee7f0000 - 0x00007ff7ee7fe000 	c:\Users\ander\.vscode\extensions\redhat.java-1.13.0-win32-x64\jre\17.0.5-win32-x86_64\bin\java.exe
0x00007ff87e8b0000 - 0x00007ff87eaa8000 	C:\WINDOWS\SYSTEM32\ntdll.dll
0x00007ff87ca20000 - 0x00007ff87cadf000 	C:\WINDOWS\System32\KERNEL32.DLL
0x00007ff87bfd0000 - 0x00007ff87c2a2000 	C:\WINDOWS\System32\KERNELBASE.dll
0x00007ff87c670000 - 0x00007ff87c770000 	C:\WINDOWS\System32\ucrtbase.dll
0x00007ff85b9f0000 - 0x00007ff85ba07000 	c:\Users\ander\.vscode\extensions\redhat.java-1.13.0-win32-x64\jre\17.0.5-win32-x86_64\bin\jli.dll
0x00007ff85b970000 - 0x00007ff85b989000 	c:\Users\ander\.vscode\extensions\redhat.java-1.13.0-win32-x64\jre\17.0.5-win32-x86_64\bin\VCRUNTIME140.dll
0x00007ff87d1b0000 - 0x00007ff87d351000 	C:\WINDOWS\System32\USER32.dll
0x00007ff87bfa0000 - 0x00007ff87bfc2000 	C:\WINDOWS\System32\win32u.dll
0x00007ff87b330000 - 0x00007ff87b5ca000 	C:\WINDOWS\WinSxS\amd64_microsoft.windows.common-controls_6595b64144ccf1df_6.0.19041.1110_none_60b5254171f9507e\COMCTL32.dll
0x00007ff87e3b0000 - 0x00007ff87e3db000 	C:\WINDOWS\System32\GDI32.dll
0x00007ff87e720000 - 0x00007ff87e7be000 	C:\WINDOWS\System32\msvcrt.dll
0x00007ff87c560000 - 0x00007ff87c66f000 	C:\WINDOWS\System32\gdi32full.dll
0x00007ff87c2b0000 - 0x00007ff87c34d000 	C:\WINDOWS\System32\msvcp_win.dll
0x00007ff87d3c0000 - 0x00007ff87d3f2000 	C:\WINDOWS\System32\IMM32.DLL
0x00007ff876490000 - 0x00007ff87649c000 	c:\Users\ander\.vscode\extensions\redhat.java-1.13.0-win32-x64\jre\17.0.5-win32-x86_64\bin\vcruntime140_1.dll
0x00007ff805720000 - 0x00007ff8057b1000 	c:\Users\ander\.vscode\extensions\redhat.java-1.13.0-win32-x64\jre\17.0.5-win32-x86_64\bin\msvcp140.dll
0x00007ff800ef0000 - 0x00007ff801b34000 	c:\Users\ander\.vscode\extensions\redhat.java-1.13.0-win32-x64\jre\17.0.5-win32-x86_64\bin\server\jvm.dll
0x00007ff87cae0000 - 0x00007ff87cb8e000 	C:\WINDOWS\System32\ADVAPI32.dll
0x00007ff87dd90000 - 0x00007ff87de2c000 	C:\WINDOWS\System32\sechost.dll
0x00007ff87d010000 - 0x00007ff87d135000 	C:\WINDOWS\System32\RPCRT4.dll
0x00007ff871860000 - 0x00007ff871887000 	C:\WINDOWS\SYSTEM32\WINMM.dll
0x00007ff86c160000 - 0x00007ff86c169000 	C:\WINDOWS\SYSTEM32\WSOCK32.dll
0x00007ff87e340000 - 0x00007ff87e3ab000 	C:\WINDOWS\System32\WS2_32.dll
0x00007ff871f10000 - 0x00007ff871f1a000 	C:\WINDOWS\SYSTEM32\VERSION.dll
0x00007ff8790a0000 - 0x00007ff8790b2000 	C:\WINDOWS\SYSTEM32\kernel.appcore.dll
0x00007ff876480000 - 0x00007ff87648a000 	c:\Users\ander\.vscode\extensions\redhat.java-1.13.0-win32-x64\jre\17.0.5-win32-x86_64\bin\jimage.dll
0x00007ff87b720000 - 0x00007ff87b904000 	C:\WINDOWS\SYSTEM32\DBGHELP.DLL
0x00007ff87b6e0000 - 0x00007ff87b715000 	C:\WINDOWS\SYSTEM32\dbgcore.DLL
0x00007ff87c7f0000 - 0x00007ff87c872000 	C:\WINDOWS\System32\bcryptPrimitives.dll
0x00007ff85ba10000 - 0x00007ff85ba35000 	c:\Users\ander\.vscode\extensions\redhat.java-1.13.0-win32-x64\jre\17.0.5-win32-x86_64\bin\java.dll
0x00007ff8583c0000 - 0x00007ff8583d8000 	c:\Users\ander\.vscode\extensions\redhat.java-1.13.0-win32-x64\jre\17.0.5-win32-x86_64\bin\zip.dll
0x00007ff87d400000 - 0x00007ff87db44000 	C:\WINDOWS\System32\SHELL32.dll
0x00007ff879380000 - 0x00007ff879b12000 	C:\WINDOWS\SYSTEM32\windows.storage.dll
0x00007ff87dfe0000 - 0x00007ff87e335000 	C:\WINDOWS\System32\combase.dll
0x00007ff87b290000 - 0x00007ff87b2c0000 	C:\WINDOWS\SYSTEM32\Wldp.dll
0x00007ff87e7c0000 - 0x00007ff87e86d000 	C:\WINDOWS\System32\SHCORE.dll
0x00007ff87dc00000 - 0x00007ff87dc55000 	C:\WINDOWS\System32\shlwapi.dll
0x00007ff87bee0000 - 0x00007ff87beff000 	C:\WINDOWS\SYSTEM32\profapi.dll
0x00007ff857a60000 - 0x00007ff857a79000 	C:\Users\ander\.vscode\extensions\redhat.java-1.13.0-win32-x64\jre\17.0.5-win32-x86_64\bin\net.dll
0x00007ff873420000 - 0x00007ff87352c000 	C:\WINDOWS\SYSTEM32\WINHTTP.dll
0x00007ff87aff0000 - 0x00007ff87b05a000 	C:\WINDOWS\system32\mswsock.dll
0x00007ff8571a0000 - 0x00007ff8571b5000 	C:\Users\ander\.vscode\extensions\redhat.java-1.13.0-win32-x64\jre\17.0.5-win32-x86_64\bin\nio.dll
0x00007ff85b9e0000 - 0x00007ff85b9f0000 	c:\Users\ander\.vscode\extensions\redhat.java-1.13.0-win32-x64\jre\17.0.5-win32-x86_64\bin\verify.dll
0x00007ff87bc50000 - 0x00007ff87bc68000 	C:\WINDOWS\SYSTEM32\CRYPTSP.dll
0x00007ff87a970000 - 0x00007ff87a9a4000 	C:\WINDOWS\system32\rsaenh.dll
0x00007ff87c770000 - 0x00007ff87c797000 	C:\WINDOWS\System32\bcrypt.dll
0x00007ff87bea0000 - 0x00007ff87bece000 	C:\WINDOWS\SYSTEM32\USERENV.dll
0x00007ff87b280000 - 0x00007ff87b28c000 	C:\WINDOWS\SYSTEM32\CRYPTBASE.dll
0x00007ff87ace0000 - 0x00007ff87ad1b000 	C:\WINDOWS\SYSTEM32\IPHLPAPI.DLL
0x00007ff87d140000 - 0x00007ff87d148000 	C:\WINDOWS\System32\NSI.dll
0x00007ff873fe0000 - 0x00007ff873ff7000 	C:\WINDOWS\SYSTEM32\dhcpcsvc6.DLL
0x00007ff873e90000 - 0x00007ff873ead000 	C:\WINDOWS\SYSTEM32\dhcpcsvc.DLL
0x00007ff87ad20000 - 0x00007ff87adea000 	C:\WINDOWS\SYSTEM32\DNSAPI.dll
0x00007ff8581a0000 - 0x00007ff8581a9000 	C:\Users\ander\.vscode\extensions\redhat.java-1.13.0-win32-x64\jre\17.0.5-win32-x86_64\bin\management.dll
0x00007ff8580b0000 - 0x00007ff8580bb000 	C:\Users\ander\.vscode\extensions\redhat.java-1.13.0-win32-x64\jre\17.0.5-win32-x86_64\bin\management_ext.dll
0x00007ff87c8f0000 - 0x00007ff87c8f8000 	C:\WINDOWS\System32\PSAPI.DLL
0x00007ff876700000 - 0x00007ff87670e000 	C:\Users\ander\.vscode\extensions\redhat.java-1.13.0-win32-x64\jre\17.0.5-win32-x86_64\bin\sunmscapi.dll
0x00007ff87c400000 - 0x00007ff87c556000 	C:\WINDOWS\System32\CRYPT32.dll
0x00007ff87b300000 - 0x00007ff87b327000 	C:\WINDOWS\SYSTEM32\ncrypt.dll
0x00007ff87b2c0000 - 0x00007ff87b2fb000 	C:\WINDOWS\SYSTEM32\NTASN1.dll
0x00007ff8725e0000 - 0x00007ff8725ea000 	C:\Windows\System32\rasadhlp.dll
0x00007ff872920000 - 0x00007ff8729a0000 	C:\WINDOWS\System32\fwpuclnt.dll

dbghelp: loaded successfully - version: 4.0.5 - missing functions: none
symbol engine: initialized successfully - sym options: 0x614 - pdb path: .;c:\Users\ander\.vscode\extensions\redhat.java-1.13.0-win32-x64\jre\17.0.5-win32-x86_64\bin;C:\WINDOWS\SYSTEM32;C:\WINDOWS\WinSxS\amd64_microsoft.windows.common-controls_6595b64144ccf1df_6.0.19041.1110_none_60b5254171f9507e;c:\Users\ander\.vscode\extensions\redhat.java-1.13.0-win32-x64\jre\17.0.5-win32-x86_64\bin\server

VM Arguments:
jvm_args: -Dsts.lsp.client=vscode -Dsts.log.file=/dev/null -XX:TieredStopAtLevel=1 -Xlog:jni+resolve=off -Dspring.config.location=file:c:\Users\ander\.vscode\extensions\pivotal.vscode-spring-boot-1.43.0\language-server\BOOT-INF\classes\application.properties 
java_command: org.springframework.ide.vscode.boot.app.BootLanguageServerBootApp
java_class_path (initial): c:\Users\ander\.vscode\extensions\pivotal.vscode-spring-boot-1.43.0\language-server\BOOT-INF\classes;c:\Users\ander\.vscode\extensions\pivotal.vscode-spring-boot-1.43.0\language-server\BOOT-INF\lib\annotations-23.1.0.jar;c:\Users\ander\.vscode\extensions\pivotal.vscode-spring-boot-1.43.0\language-server\BOOT-INF\lib\ant-1.10.12.jar;c:\Users\ander\.vscode\extensions\pivotal.vscode-spring-boot-1.43.0\language-server\BOOT-INF\lib\ant-launcher-1.10.12.jar;c:\Users\ander\.vscode\extensions\pivotal.vscode-spring-boot-1.43.0\language-server\BOOT-INF\lib\antlr-runtime-3.5.2.jar;c:\Users\ander\.vscode\extensions\pivotal.vscode-spring-boot-1.43.0\language-server\BOOT-INF\lib\antlr4-4.9.3.jar;c:\Users\ander\.vscode\extensions\pivotal.vscode-spring-boot-1.43.0\language-server\BOOT-INF\lib\antlr4-runtime-4.9.3.jar;c:\Users\ander\.vscode\extensions\pivotal.vscode-spring-boot-1.43.0\language-server\BOOT-INF\lib\apiguardian-api-1.1.2.jar;c:\Users\ander\.vscode\extensions\pivotal.vscode-spring-boot-1.43.0\language-server\BOOT-INF\lib\asm-9.4.jar;c:\Users\ander\.vscode\extensions\pivotal.vscode-spring-boot-1.43.0\language-server\BOOT-INF\lib\asm-analysis-9.4.jar;c:\Users\ander\.vscode\extensions\pivotal.vscode-spring-boot-1.43.0\language-server\BOOT-INF\lib\asm-tree-9.4.jar;c:\Users\ander\.vscode\extensions\pivotal.vscode-spring-boot-1.43.0\language-server\BOOT-INF\lib\asm-util-9.4.jar;c:\Users\ander\.vscode\extensions\pivotal.vscode-spring-boot-1.43.0\language-server\BOOT-INF\lib\caffeine-3.1.2.jar;c:\Users\ander\.vscode\extensions\pivotal.vscode-spring-boot-1.43.0\language-server\BOOT-INF\lib\checker-qual-3.12.0.jar;c:\Users\ander\.vscode\extensions\pivotal.vscode-spring-boot-1.43.0\language-server\BOOT-INF\lib\ci-environment-9.1.0.jar;c:\Users\ander\.vscode\extensions\pivotal.vscode-spring-boot-1.43.0\language-server\BOOT-INF\lib\classgraph-4.8.149.jar;c:\Users\ander\.vscode\extensions\pivotal.vscode-spring-boot-1.43.0\language-server\BOOT-INF\lib\comm
Launcher Type: SUN_STANDARD

[Global flags]
     intx CICompilerCount                          = 4                                         {product} {ergonomic}
     uint ConcGCThreads                            = 2                                         {product} {ergonomic}
     uint G1ConcRefinementThreads                  = 8                                         {product} {ergonomic}
   size_t G1HeapRegionSize                         = 1048576                                   {product} {ergonomic}
    uintx GCDrainStackTargetSize                   = 64                                        {product} {ergonomic}
   size_t InitialHeapSize                          = 134217728                                 {product} {ergonomic}
   size_t MarkStackSize                            = 4194304                                   {product} {ergonomic}
   size_t MaxHeapSize                              = 2143289344                                {product} {ergonomic}
   size_t MaxNewSize                               = 1285554176                                {product} {ergonomic}
   size_t MinHeapDeltaBytes                        = 1048576                                   {product} {ergonomic}
   size_t MinHeapSize                              = 8388608                                   {product} {ergonomic}
    uintx NonProfiledCodeHeapSize                  = 0                                      {pd product} {ergonomic}
     bool ProfileInterpreter                       = false                                  {pd product} {command line}
    uintx ProfiledCodeHeapSize                     = 0                                      {pd product} {ergonomic}
   size_t SoftMaxHeapSize                          = 2143289344                             {manageable} {ergonomic}
     intx TieredStopAtLevel                        = 1                                         {product} {command line}
     bool UseCompressedClassPointers               = true                           {product lp64_product} {ergonomic}
     bool UseCompressedOops                        = true                           {product lp64_product} {ergonomic}
     bool UseG1GC                                  = true                                      {product} {ergonomic}
     bool UseLargePagesIndividualAllocation        = false                                  {pd product} {ergonomic}

Logging:
Log output configuration:
 #0: stdout all=warning,jni+resolve=off uptime,level,tags
 #1: stderr all=off uptime,level,tags

Environment Variables:
JAVA_HOME=C:\Program Files\Java\jdk-17.0.4.1
PATH=C:\Program Files\Common Files\Oracle\Java\javapath;C:\WINDOWS\system32;C:\WINDOWS;C:\WINDOWS\System32\Wbem;C:\WINDOWS\System32\WindowsPowerShell\v1.0\;C:\WINDOWS\System32\OpenSSH\;C:\Program Files (x86)\ATI Technologies\ATI.ACE\Core-Static;C:\Program Files\Git\cmd;C:\ProgramData\chocolatey\bin;%JAVA_HOME%\bin;C:\Program Files\nodejs\;C:\Program Files\dotnet\;C:\Users\ander\AppData\Local\Microsoft\WindowsApps;C:\Users\ander\AppData\Local\Programs\Microsoft VS Code\bin;C:\Users\ander\AppData\Local\Android\Sdk\platform-tools;C:\Users\ander\AppData\Roaming\npm;C:\Users\ander\.dotnet\tools
USERNAME=ander
OS=Windows_NT
PROCESSOR_IDENTIFIER=AMD64 Family 21 Model 2 Stepping 0, AuthenticAMD
TMP=C:\Users\ander\AppData\Local\Temp
TEMP=C:\Users\ander\AppData\Local\Temp



---------------  S Y S T E M  ---------------

OS:
 Windows 10 , 64 bit Build 19041 (10.0.19041.2364)
OS uptime: 1 days 1:35 hours

CPU: total 8 (initial active 8) (8 cores per cpu, 1 threads per core) family 21 model 2 stepping 0 microcode 0x0, cx8, cmov, fxsr, mmx, 3dnowpref, sse, sse2, sse3, ssse3, sse4a, sse4.1, sse4.2, popcnt, lzcnt, tsc, tscinvbit, avx, aes, clmul, bmi1, fma, vzeroupper, clflush

Memory: 4k page, system-wide physical 8174M (1026M free)
TotalPageFile size 25582M (AvailPageFile size 10909M)
current process WorkingSet (physical memory assigned to process): 252M, peak: 738M
current process commit charge ("private bytes"): 319M, peak: 899M

vm_info: OpenJDK 64-Bit Server VM (17.0.5+8) for windows-amd64 JRE (17.0.5+8), built on Oct 19 2022 04:48:13 by "temurin" with MS VC++ 16.7 (VS2019)

END.
